# Logfile created on 2011-11-22 00:57:29 -0800 by logger.rb/25413
D, [2011-11-22T00:57:29.086008 #3327] DEBUG -- : #<Rack::Request:0x007fe6731cded0 @env={"rack.version"=>[1, 1], "rack.input"=>#<StringIO:0x007fe6731cf488>, "rack.errors"=>#<IO:<STDERR>>, "rack.multithread"=>false, "rack.multiprocess"=>true, "rack.run_once"=>true, "rack.url_scheme"=>"http", "REQUEST_METHOD"=>"GET", "PATH_INFO"=>"/", "QUERY_STRING"=>"app=app-runway&back=http://app-runway.dev", "SCRIPT_NAME"=>"", "REMOTE_ADDR"=>"127.0.0.1", "SERVER_ADDR"=>"0.0.0.0", "SERVER_NAME"=>"powder-restart.dev", "SERVER_PORT"=>"80", "HTTP_HOST"=>"powder-restart.dev", "HTTP_CONNECTION"=>"keep-alive", "HTTP_CACHE_CONTROL"=>"max-age=0", "HTTP_USER_AGENT"=>"Mozilla/5.0 (Macintosh; Intel Mac OS X 10_7_2) AppleWebKit/535.2 (KHTML, like Gecko) Chrome/15.0.874.121 Safari/535.2", "HTTP_ACCEPT"=>"text/html,application/xhtml+xml,application/xml;q=0.9,*/*;q=0.8", "HTTP_ACCEPT_ENCODING"=>"gzip,deflate,sdch", "HTTP_ACCEPT_LANGUAGE"=>"en-US,en;q=0.8", "HTTP_ACCEPT_CHARSET"=>"ISO-8859-1,utf-8;q=0.7,*;q=0.3", "REMOTE_PORT"=>"51266"}>
D, [2011-11-22T01:14:19.496582 #3513] DEBUG -- : http://powder-restart.dev/restart/app-runway
D, [2011-11-22T01:14:20.560380 #3516] DEBUG -- : http://powder-restart.dev/restart/app-runway
D, [2011-11-22T01:14:21.597078 #3519] DEBUG -- : http://powder-restart.dev/restart/app-runway
D, [2011-11-22T01:14:22.632301 #3522] DEBUG -- : http://powder-restart.dev/restart/app-runway
D, [2011-11-22T01:14:23.670155 #3525] DEBUG -- : http://powder-restart.dev/restart/app-runway
D, [2011-11-22T01:14:24.704649 #3528] DEBUG -- : http://powder-restart.dev/restart/app-runway
D, [2011-11-22T01:14:25.746037 #3531] DEBUG -- : http://powder-restart.dev/restart/app-runway
D, [2011-11-22T01:14:26.781608 #3534] DEBUG -- : http://powder-restart.dev/restart/app-runway
D, [2011-11-22T01:14:27.814918 #3537] DEBUG -- : http://powder-restart.dev/restart/app-runway
D, [2011-11-22T01:14:28.852627 #3540] DEBUG -- : http://powder-restart.dev/restart/app-runway
D, [2011-11-22T01:14:29.915145 #3543] DEBUG -- : http://powder-restart.dev/restart/app-runway
D, [2011-11-22T01:14:31.112971 #3553] DEBUG -- : http://powder-restart.dev/restart/app-runway
D, [2011-11-22T01:14:32.140345 #3556] DEBUG -- : http://powder-restart.dev/restart/app-runway
D, [2011-11-22T01:14:33.195678 #3559] DEBUG -- : http://powder-restart.dev/restart/app-runway
D, [2011-11-22T01:14:34.214741 #3562] DEBUG -- : http://powder-restart.dev/restart/app-runway
D, [2011-11-22T01:14:35.236173 #3565] DEBUG -- : http://powder-restart.dev/restart/app-runway
D, [2011-11-22T01:14:36.256850 #3568] DEBUG -- : http://powder-restart.dev/restart/app-runway
D, [2011-11-22T01:14:37.286356 #3571] DEBUG -- : http://powder-restart.dev/restart/app-runway
D, [2011-11-22T01:14:38.303952 #3574] DEBUG -- : http://powder-restart.dev/restart/app-runway
D, [2011-11-22T01:14:39.313882 #3577] DEBUG -- : http://powder-restart.dev/restart/app-runway
D, [2011-11-22T01:14:40.338228 #3580] DEBUG -- : http://powder-restart.dev/restart/app-runway
D, [2011-11-22T01:15:21.705274 #3583] DEBUG -- : app-runway
D, [2011-11-22T01:15:21.705815 #3583] DEBUG -- : http://powder-restart.dev/restart/app-runway
D, [2011-11-22T01:15:22.736659 #3586] DEBUG -- : app-runway
D, [2011-11-22T01:15:22.737249 #3586] DEBUG -- : http://powder-restart.dev/restart/app-runway
D, [2011-11-22T01:15:23.770789 #3589] DEBUG -- : app-runway
D, [2011-11-22T01:15:23.771350 #3589] DEBUG -- : http://powder-restart.dev/restart/app-runway
D, [2011-11-22T01:15:24.847872 #3593] DEBUG -- : app-runway
D, [2011-11-22T01:15:24.848546 #3593] DEBUG -- : http://powder-restart.dev/restart/app-runway
D, [2011-11-22T01:15:25.879624 #3597] DEBUG -- : app-runway
D, [2011-11-22T01:15:25.880248 #3597] DEBUG -- : http://powder-restart.dev/restart/app-runway
D, [2011-11-22T01:15:26.918578 #3600] DEBUG -- : app-runway
D, [2011-11-22T01:15:26.919190 #3600] DEBUG -- : http://powder-restart.dev/restart/app-runway
D, [2011-11-22T01:15:28.037062 #3603] DEBUG -- : app-runway
D, [2011-11-22T01:15:28.037571 #3603] DEBUG -- : http://powder-restart.dev/restart/app-runway
D, [2011-11-22T01:15:29.070861 #3606] DEBUG -- : app-runway
D, [2011-11-22T01:15:29.071442 #3606] DEBUG -- : http://powder-restart.dev/restart/app-runway
D, [2011-11-22T01:15:30.089890 #3609] DEBUG -- : app-runway
D, [2011-11-22T01:15:30.090396 #3609] DEBUG -- : http://powder-restart.dev/restart/app-runway
D, [2011-11-22T01:15:31.107208 #3612] DEBUG -- : app-runway
D, [2011-11-22T01:15:31.107758 #3612] DEBUG -- : http://powder-restart.dev/restart/app-runway
D, [2011-11-22T01:15:32.128765 #3615] DEBUG -- : app-runway
D, [2011-11-22T01:15:32.129376 #3615] DEBUG -- : http://powder-restart.dev/restart/app-runway
D, [2011-11-22T01:15:33.148956 #3618] DEBUG -- : app-runway
D, [2011-11-22T01:15:33.149540 #3618] DEBUG -- : http://powder-restart.dev/restart/app-runway
D, [2011-11-22T01:15:34.171590 #3621] DEBUG -- : app-runway
D, [2011-11-22T01:15:34.172163 #3621] DEBUG -- : http://powder-restart.dev/restart/app-runway
D, [2011-11-22T01:15:35.196139 #3624] DEBUG -- : app-runway
D, [2011-11-22T01:15:35.196651 #3624] DEBUG -- : http://powder-restart.dev/restart/app-runway
D, [2011-11-22T01:15:36.214651 #3627] DEBUG -- : app-runway
D, [2011-11-22T01:15:36.215361 #3627] DEBUG -- : http://powder-restart.dev/restart/app-runway
D, [2011-11-22T01:15:37.253364 #3630] DEBUG -- : app-runway
D, [2011-11-22T01:15:37.253937 #3630] DEBUG -- : http://powder-restart.dev/restart/app-runway
D, [2011-11-22T01:15:38.284691 #3633] DEBUG -- : app-runway
D, [2011-11-22T01:15:38.285187 #3633] DEBUG -- : http://powder-restart.dev/restart/app-runway
D, [2011-11-22T01:15:39.319864 #3636] DEBUG -- : app-runway
D, [2011-11-22T01:15:39.320429 #3636] DEBUG -- : http://powder-restart.dev/restart/app-runway
D, [2011-11-22T01:15:40.367588 #3639] DEBUG -- : app-runway
D, [2011-11-22T01:15:40.368147 #3639] DEBUG -- : http://powder-restart.dev/restart/app-runway
D, [2011-11-22T01:15:41.440991 #3642] DEBUG -- : app-runway
D, [2011-11-22T01:15:41.441507 #3642] DEBUG -- : http://powder-restart.dev/restart/app-runway
D, [2011-11-22T01:15:42.490325 #3645] DEBUG -- : app-runway
D, [2011-11-22T01:15:42.490915 #3645] DEBUG -- : http://powder-restart.dev/restart/app-runway
D, [2011-11-22T01:16:05.920855 #3648] DEBUG -- : app-runway
D, [2011-11-22T01:16:49.287841 #3653] DEBUG -- : http://app-runway.dev
D, [2011-11-22T01:17:30.212475 #3668] DEBUG -- : http://app-runway.dev
D, [2011-11-22T01:23:52.995929 #3738] DEBUG -- : http://app-runway.dev
D, [2011-11-22T01:26:06.670714 #3763] DEBUG -- : http://app-runway.dev
D, [2011-11-22T01:35:54.946485 #3808] DEBUG -- : http://app-runway.dev
D, [2011-11-22T01:40:04.079188 #3827] DEBUG -- : 0
D, [2011-11-22T01:40:29.268529 #3831] DEBUG -- : 0
D, [2011-11-22T01:40:29.268676 #3831] DEBUG -- : 
D, [2011-11-22T01:40:36.467587 #3835] DEBUG -- : 0
D, [2011-11-22T01:40:36.467732 #3835] DEBUG -- : 
D, [2011-11-22T01:40:56.518540 #3838] DEBUG -- : http://app-runway.dev
D, [2011-11-22T01:46:24.122945 #3876] DEBUG -- : http://app-runway.dev
D, [2011-11-22T01:46:27.805353 #3880] DEBUG -- : http://app-runway.dev
D, [2011-11-22T01:47:16.457785 #3900] DEBUG -- : http://app-runway.dev
